<?xml version="1.0" encoding="UTF-8"?>
<testsuite name="SearchTests" tests="1" skipped="0" failures="1" errors="0" timestamp="2025-06-07T15:24:41" hostname="MSKMAC-31619.local" time="6.406">
  <properties/>
  <testcase name="successYandexTest()" classname="SearchTests" time="6.406">
    <failure message="Element should have text &quot;QA GURU&quot; {html}&#10;Element: '&lt;html class=&quot;i-ua_js_yes i-ua_svg_yes i-ua_retina_yes&quot; lang=&quot;ru&quot;&gt;Установите Яндекс Браузер&#10;Войти&#10;поиск&#10;поиск&#10;алисой&#10;алиса&#10;картинки&#10;видео&#10;карты&#10;товары&#10;финансы&#10;квартиры&#10;переводчик&#10;все&#10;Дополнительная информация о запросе&#10;Исправлена опечатка в слове «мултик». Отменить&#10;Мультфильмы в VK Видео - смотрите онлайн в HD качестве&#10;vk.com›мультфильмы…&#10;Промо&#10;VK Видео — удобный сервис для просмотра мультфильмов. Смотрите прямо сейчас! · VK Видео. Смотреть бесплатно. В высоком качестве. Мультфильмы для детей&#10;Три котаСказочный патрульМи-ми-мишкиЛео и Тиг&#10;Более 1,5 млн товаров. Доставка. Скидки от объема&#10;vseinstrumenti.ru›Пакет-подарочный-мал...&#10;Промо&#10;Сайт специализируется на продаже товаров&#10;Более 1,5 млн товаров. Доставка. Самовывоз. Скидки от объема. Персональный менеджер · 365 дней на возврат. 15 000+ брендов. От 1 500 000 товаров. 1 200+ магазинов в РФ. Рассрочка&#10;Для юрлиц и ИПСкидка для своихДля поставщиковОтсрочка платежа&#10;Видео&#10;Сборник Мультфильмов Май Литл Пони. Праздники — Видео от VK Kids TV&#10;Длительность 1 час 3 минуты 52 секунды&#10;VK Видео&#10;VK Kids TV&#10;174,6K&#10;Опубликовано&#10;22 окт 2024&#10;Краткий пересказ&#10;1:31:29&#10;My Little Pony: Новое поколение (2021) Full HD — Видео от Мультфильмы | Семейное кино&#10;Длительность 1 час 31 минутa 29 секунд&#10;VK Видео&#10;Мультфильмы | Семейное кино&#10;158,3K&#10;Опубликовано&#10;26 янв 2023&#10;Краткий пересказ&#10;1:04:37&#10;My Little Pony Дружба — это чудо сезон 1 Серия 22-24 — Видео от Мультики |&#10;Длительность 1 час 4 минуты 37 секунд&#10;YouTube&#10;Мультики | Мультфильмы&#10;5,9M&#10;Опубликовано&#10;24 июл 2021&#10;Краткий пересказ&#10;22:00&#10;My Little Pony. У страха глаза велики. (1 сезон, серия 9) 4K&#10;Длительность 22 минуты&#10;Rutube&#10;My Little Pony 4K Мой маленький пони: Дружба - это чудо&#10;8,6K&#10;Опубликовано&#10;9 окт 2024&#10;42:34&#10;Мультфильм Дружба - это чудо про Май Литл Пони. Сборник Серий. Королевство Искорки - 2 части! — Видео от VK Kids TV&#10;Длительность 42 минуты 34 секунды&#10;VK Видео&#10;VK Kids TV&#10;73,1K&#10;Опубликовано&#10;23 дек 2024&#10;Краткий пересказ&#10;1:48:13&#10;My Little Pony: Дружба — это чудо ? Fluttershy | Сборники 1 ЧАС | MLP FIM по-русски&#10;Длительность 1 час 48 минут 13 секунд&#10;Rutube&#10;Геймеры в Деле&#10;125,8K&#10;Опубликовано&#10;30 окт 2023&#10;Смотреть все видео&#10;РКН: иностранный владелец ресурса youtube.com нарушает закон РФ&#10;My Little Pony в кино (Мультфильм 2017) смотреть...&#10;ivi.ru›Фэнтези›My Little Pony в кино&#10;Мультфильм My Little Pony в кино (2017) можно посмотреть в онлайн-кинотеатре Иви!&#10;СоздателиТрейлеры&#10;My Little Pony в кино, 2017 — смотреть мультфильм...&#10;kinopoisk.ru›film/928612/&#10;Смотрите онлайн мультфильм My Little Pony в кино на Кинопоиске.&#10;В главных роляхИзображенияАктеры дубляжаСаундтреки&#10;My Little Pony в кино (2017) — анимационный, HD&#10;yandex.ru›video/preview/9377239978406201562&#10;В сказочной Эквестрии царит радость и веселье. И вдруг на нее нападает злобный Король Шторм. Он хо...&#10;Не найдено: мультик, большой&#10;MY LITTLE PONY НОВОЕ ПОКОЛЕНИЕ — Видео от...&#10;vk.com›video-28099263_456243442&#10;Длительность 1:31:29&#10;1:31:29&#10;Мой маленький пони: Зажги свою искорку (2022) 3 часть Зимний день желаний | Май литл пони, My Little Pony.&#10;311 тыс. просмотров&#10;Опубликовано&#10;29 авг 2023&#10;Не найдено: большой&#10;My Little Pony в кино — Википедия&#10;ru.wikipedia.org›My Little Pony в кино&#10;«My Little Pony в кино» — американо-канадский музыкальный фэнтезийный приключенческий анимационный фильм 2017 года, основанный на телевизионном мультсериале «My Little Pony: Дружба — это чудо»...&#10;РКН: иностранный владелец ресурса нарушает закон РФ&#10;My Little Pony в кино (мультфильм, 2017) смотреть...&#10;okko.tv›Мультфильмы&#10;Смотрите онлайн мультфильм &quot;My Little Pony в кино&quot; (2017) в онлайн-кинотеатре Okko!&#10;Плейлист Мой маленький пони: Дружба – это чудо – все...&#10;rutube.ru›plst/561727/&#10;Больше от RUTUBE.&#10;Не найдено: мультик&#10;My Little Pony в кино мультфильм 2017 смотреть онлайн...&#10;kadikama.space›Зарубежные›My Little Pony в кино&#10;Мультфильм, мюзикл, фэнтези. Режиссер: Джейсон Тиссен. В ролях: Тара Стронг, Эшли Болл, Андреа Либман и др. В волшебной стране Эквестрии жизнь кипит, а местные обитатели умеют радоваться жизни.&#10;Мой маленький пони: Фильм (фильм 2017 года) - Википедия&#10;...основанный на мультсериале &quot;Мой маленький пони: Дружба - это волшебство&quot;, который сам по себе является частью четвертого воплощения линейки игрушек и франшизы Hasbro &quot;Мой маленький пони&quot;.&#10;Переведено с английского&#10;My Little Pony: The Movie (2017 film) - Wikipedia&#10;en.wikipedia.org›wiki/My_Little_Pony:_The_Movie_(2017_film)&#10;Мой маленький пони: Дружба – это чудо мультсериал...&#10;kadikama.com›Зарубежные›Мой маленький пони: Дружба – это чудо&#10;Мультфильм, мюзикл, фэнтези. Режиссер: Джэйсон Тиссен, «Биг» Джим Миллер, Джеймс Вуттон. В ролях: Эшли Болл, Табита Сен-Жермен, Андреа Либман и др. Мультсериал, который завоевал уже целую армию самых маленьких поклонников.&#10;Мультфильмы в VK Видео - смотрите онлайн в HD качестве&#10;vk.com›мультфильмы…&#10;Промо&#10;VK Видео — удобный сервис для просмотра мультфильмов. Смотрите прямо сейчас! · VK Видео. Смотреть бесплатно. В высоком качестве. Мультфильмы для детей&#10;Три котаСказочный патрульМи-ми-мишкиЛео и Тиг&#10;Рисуем и раскрашиваем любимых героев в Рисовайке&#10;plus.yandex.ru›Рисуем и раскрашиваем любимых героев в Рисовайке…&#10;Промо&#10;Откройте мир творчества и фантазии вашему ребенку. Попробуйте бесплатно!&#10;Рисовайка — веселые раскраскиИнтерфейс, понятный детям&#10;Мультики: новый раздел с детским контентом. Будь в теме…&#10;dzen.ru›Мультики: новый раздел с детским контентом…&#10;Промо&#10;Смотрите без остановки: тысячи часов с любимыми героями и подборки по жанрам · 300 000 каналов. Рекомендации. Новое каждый день&#10;ЛентаВидеоСтатьиТемы&#10;Фигурки животных Schleich – в вашу коллекцию!&#10;kidsmax.ru›Фигурки животных Schleich – в вашу коллекцию!&#10;Промо&#10;Сайт специализируется на продаже товаров&#10;Высокое качество и реалистичность в каждой детали. Пополните коллекцию! Выгодно!&#10;На улицеДетское питаниеИгрушки для малышей&#10;Контактная информация&#10;Телефон&#10;+7 (4012) 64-XX-XX Показать&#10;Время работы&#10;ежедневно 9:00-18:00&#10;Интерьерная фигурка «Пони» от zlatiks: стиль и уют&#10;zlatiks.ru›Интерьерная-фигурка...&#10;Промо&#10;Сайт специализируется на продаже товаров&#10;Купить на .zlatiks.ru&#10;ПанноРелигияТехникаИкорницы&#10;Дополнительная информация о запросе&#10;Некоторые ссылки отсутствуют в результатах поиска в силу требований применимого законодательства. Подробнее&#10;Некоторые ссылки отсутствуют в результатах поиска.&#10;Причины удаления: 1.&#10;Люди ищут&#10;май литл пони большой мультфильм&#10;как создать большой тотем дружбы в май литл пони&#10;май литл пони полнометражные мультфильмы список&#10;чем закончился май литл пони&#10;май литл пони большой маки&#10;большой тотем дружбы в игре май литл пони&#10;пони люди мультики&#10;Страницы результатов поиска&#10;12345дальше&#10;Электросталь&#10;Google&#10;Bing&#10;Сообщить об ошибке&#10;Настройки&#10;ya.ru&#10;О компании&lt;/html&gt;'&#10;Actual value: text=&quot;Установите Яндекс Браузер&#10;Войти&#10;поиск&#10;поиск&#10;алисой&#10;алиса&#10;картинки&#10;видео&#10;карты&#10;товары&#10;финансы&#10;квартиры&#10;переводчик&#10;все&#10;Дополнительная информация о запросе&#10;Исправлена опечатка в слове «мултик». Отменить&#10;Мультфильмы в VK Видео - смотрите онлайн в HD качестве&#10;vk.com›мультфильмы…&#10;Промо&#10;VK Видео — удобный сервис для просмотра мультфильмов. Смотрите прямо сейчас! · VK Видео. Смотреть бесплатно. В высоком качестве. Мультфильмы для детей&#10;Три котаСказочный патрульМи-ми-мишкиЛео и Тиг&#10;Более 1,5 млн товаров. Доставка. Скидки от объема&#10;vseinstrumenti.ru›Пакет-подарочный-мал...&#10;Промо&#10;Сайт специализируется на продаже товаров&#10;Более 1,5 млн товаров. Доставка. Самовывоз. Скидки от объема. Персональный менеджер · 365 дней на возврат. 15 000+ брендов. От 1 500 000 товаров. 1 200+ магазинов в РФ. Рассрочка&#10;Для юрлиц и ИПСкидка для своихДля поставщиковОтсрочка платежа&#10;Видео&#10;Сборник Мультфильмов Май Литл Пони. Праздники — Видео от VK Kids TV&#10;Длительность 1 час 3 минуты 52 секунды&#10;VK Видео&#10;VK Kids TV&#10;174,6K&#10;Опубликовано&#10;22 окт 2024&#10;Краткий пересказ&#10;1:31:29&#10;My Little Pony: Новое поколение (2021) Full HD — Видео от Мультфильмы | Семейное кино&#10;Длительность 1 час 31 минутa 29 секунд&#10;VK Видео&#10;Мультфильмы | Семейное кино&#10;158,3K&#10;Опубликовано&#10;26 янв 2023&#10;Краткий пересказ&#10;1:04:37&#10;My Little Pony Дружба — это чудо сезон 1 Серия 22-24 — Видео от Мультики |&#10;Длительность 1 час 4 минуты 37 секунд&#10;YouTube&#10;Мультики | Мультфильмы&#10;5,9M&#10;Опубликовано&#10;24 июл 2021&#10;Краткий пересказ&#10;22:00&#10;My Little Pony. У страха глаза велики. (1 сезон, серия 9) 4K&#10;Длительность 22 минуты&#10;Rutube&#10;My Little Pony 4K Мой маленький пони: Дружба - это чудо&#10;8,6K&#10;Опубликовано&#10;9 окт 2024&#10;42:34&#10;Мультфильм Дружба - это чудо про Май Литл Пони. Сборник Серий. Королевство Искорки - 2 части! — Видео от VK Kids TV&#10;Длительность 42 минуты 34 секунды&#10;VK Видео&#10;VK Kids TV&#10;73,1K&#10;Опубликовано&#10;23 дек 2024&#10;Краткий пересказ&#10;1:48:13&#10;My Little Pony: Дружба — это чудо ? Fluttershy | Сборники 1 ЧАС | MLP FIM по-русски&#10;Длительность 1 час 48 минут 13 секунд&#10;Rutube&#10;Геймеры в Деле&#10;125,8K&#10;Опубликовано&#10;30 окт 2023&#10;Смотреть все видео&#10;РКН: иностранный владелец ресурса youtube.com нарушает закон РФ&#10;My Little Pony в кино (Мультфильм 2017) смотреть...&#10;ivi.ru›Фэнтези›My Little Pony в кино&#10;Мультфильм My Little Pony в кино (2017) можно посмотреть в онлайн-кинотеатре Иви!&#10;СоздателиТрейлеры&#10;My Little Pony в кино, 2017 — смотреть мультфильм...&#10;kinopoisk.ru›film/928612/&#10;Смотрите онлайн мультфильм My Little Pony в кино на Кинопоиске.&#10;В главных роляхИзображенияАктеры дубляжаСаундтреки&#10;My Little Pony в кино (2017) — анимационный, HD&#10;yandex.ru›video/preview/9377239978406201562&#10;В сказочной Эквестрии царит радость и веселье. И вдруг на нее нападает злобный Король Шторм. Он хо...&#10;Не найдено: мультик, большой&#10;MY LITTLE PONY НОВОЕ ПОКОЛЕНИЕ — Видео от...&#10;vk.com›video-28099263_456243442&#10;Длительность 1:31:29&#10;1:31:29&#10;Мой маленький пони: Зажги свою искорку (2022) 3 часть Зимний день желаний | Май литл пони, My Little Pony.&#10;311 тыс. просмотров&#10;Опубликовано&#10;29 авг 2023&#10;Не найдено: большой&#10;My Little Pony в кино — Википедия&#10;ru.wikipedia.org›My Little Pony в кино&#10;«My Little Pony в кино» — американо-канадский музыкальный фэнтезийный приключенческий анимационный фильм 2017 года, основанный на телевизионном мультсериале «My Little Pony: Дружба — это чудо»...&#10;РКН: иностранный владелец ресурса нарушает закон РФ&#10;My Little Pony в кино (мультфильм, 2017) смотреть...&#10;okko.tv›Мультфильмы&#10;Смотрите онлайн мультфильм &quot;My Little Pony в кино&quot; (2017) в онлайн-кинотеатре Okko!&#10;Плейлист Мой маленький пони: Дружба – это чудо – все...&#10;rutube.ru›plst/561727/&#10;Больше от RUTUBE.&#10;Не найдено: мультик&#10;My Little Pony в кино мультфильм 2017 смотреть онлайн...&#10;kadikama.space›Зарубежные›My Little Pony в кино&#10;Мультфильм, мюзикл, фэнтези. Режиссер: Джейсон Тиссен. В ролях: Тара Стронг, Эшли Болл, Андреа Либман и др. В волшебной стране Эквестрии жизнь кипит, а местные обитатели умеют радоваться жизни.&#10;Мой маленький пони: Фильм (фильм 2017 года) - Википедия&#10;...основанный на мультсериале &quot;Мой маленький пони: Дружба - это волшебство&quot;, который сам по себе является частью четвертого воплощения линейки игрушек и франшизы Hasbro &quot;Мой маленький пони&quot;.&#10;Переведено с английского&#10;My Little Pony: The Movie (2017 film) - Wikipedia&#10;en.wikipedia.org›wiki/My_Little_Pony:_The_Movie_(2017_film)&#10;Мой маленький пони: Дружба – это чудо мультсериал...&#10;kadikama.com›Зарубежные›Мой маленький пони: Дружба – это чудо&#10;Мультфильм, мюзикл, фэнтези. Режиссер: Джэйсон Тиссен, «Биг» Джим Миллер, Джеймс Вуттон. В ролях: Эшли Болл, Табита Сен-Жермен, Андреа Либман и др. Мультсериал, который завоевал уже целую армию самых маленьких поклонников.&#10;Мультфильмы в VK Видео - смотрите онлайн в HD качестве&#10;vk.com›мультфильмы…&#10;Промо&#10;VK Видео — удобный сервис для просмотра мультфильмов. Смотрите прямо сейчас! · VK Видео. Смотреть бесплатно. В высоком качестве. Мультфильмы для детей&#10;Три котаСказочный патрульМи-ми-мишкиЛео и Тиг&#10;Рисуем и раскрашиваем любимых героев в Рисовайке&#10;plus.yandex.ru›Рисуем и раскрашиваем любимых героев в Рисовайке…&#10;Промо&#10;Откройте мир творчества и фантазии вашему ребенку. Попробуйте бесплатно!&#10;Рисовайка — веселые раскраскиИнтерфейс, понятный детям&#10;Мультики: новый раздел с детским контентом. Будь в теме…&#10;dzen.ru›Мультики: новый раздел с детским контентом…&#10;Промо&#10;Смотрите без остановки: тысячи часов с любимыми героями и подборки по жанрам · 300 000 каналов. Рекомендации. Новое каждый день&#10;ЛентаВидеоСтатьиТемы&#10;Фигурки животных Schleich – в вашу коллекцию!&#10;kidsmax.ru›Фигурки животных Schleich – в вашу коллекцию!&#10;Промо&#10;Сайт специализируется на продаже товаров&#10;Высокое качество и реалистичность в каждой детали. Пополните коллекцию! Выгодно!&#10;На улицеДетское питаниеИгрушки для малышей&#10;Контактная информация&#10;Телефон&#10;+7 (4012) 64-XX-XX Показать&#10;Время работы&#10;ежедневно 9:00-18:00&#10;Интерьерная фигурка «Пони» от zlatiks: стиль и уют&#10;zlatiks.ru›Интерьерная-фигурка...&#10;Промо&#10;Сайт специализируется на продаже товаров&#10;Купить на .zlatiks.ru&#10;ПанноРелигияТехникаИкорницы&#10;Дополнительная информация о запросе&#10;Некоторые ссылки отсутствуют в результатах поиска в силу требований применимого законодательства. Подробнее&#10;Некоторые ссылки отсутствуют в результатах поиска.&#10;Причины удаления: 1.&#10;Люди ищут&#10;май литл пони большой мультфильм&#10;как создать большой тотем дружбы в май литл пони&#10;май литл пони полнометражные мультфильмы список&#10;чем закончился май литл пони&#10;май литл пони большой маки&#10;большой тотем дружбы в игре май литл пони&#10;пони люди мультики&#10;Страницы результатов поиска&#10;12345дальше&#10;Электросталь&#10;Google&#10;Bing&#10;Сообщить об ошибке&#10;Настройки&#10;ya.ru&#10;О компании&quot;&#10;Screenshot: file:/Users/agzamovQA/IdeaProjects/getting-started-java/build/reports/tests/1749309888003.0.png&#10;Page source: file:/Users/agzamovQA/IdeaProjects/getting-started-java/build/reports/tests/1749309888003.0.html&#10;Timeout: 4 s." type="com.codeborne.selenide.ex.ElementShould">Element should have text &quot;QA GURU&quot; {html}
Element: '&lt;html class=&quot;i-ua_js_yes i-ua_svg_yes i-ua_retina_yes&quot; lang=&quot;ru&quot;&gt;Установите Яндекс Браузер
Войти
поиск
поиск
алисой
алиса
картинки
видео
карты
товары
финансы
квартиры
переводчик
все
Дополнительная информация о запросе
Исправлена опечатка в слове «мултик». Отменить
Мультфильмы в VK Видео - смотрите онлайн в HD качестве
vk.com›мультфильмы…
Промо
VK Видео — удобный сервис для просмотра мультфильмов. Смотрите прямо сейчас! · VK Видео. Смотреть бесплатно. В высоком качестве. Мультфильмы для детей
Три котаСказочный патрульМи-ми-мишкиЛео и Тиг
Более 1,5 млн товаров. Доставка. Скидки от объема
vseinstrumenti.ru›Пакет-подарочный-мал...
Промо
Сайт специализируется на продаже товаров
Более 1,5 млн товаров. Доставка. Самовывоз. Скидки от объема. Персональный менеджер · 365 дней на возврат. 15 000+ брендов. От 1 500 000 товаров. 1 200+ магазинов в РФ. Рассрочка
Для юрлиц и ИПСкидка для своихДля поставщиковОтсрочка платежа
Видео
Сборник Мультфильмов Май Литл Пони. Праздники — Видео от VK Kids TV
Длительность 1 час 3 минуты 52 секунды
VK Видео
VK Kids TV
174,6K
Опубликовано
22 окт 2024
Краткий пересказ
1:31:29
My Little Pony: Новое поколение (2021) Full HD — Видео от Мультфильмы | Семейное кино
Длительность 1 час 31 минутa 29 секунд
VK Видео
Мультфильмы | Семейное кино
158,3K
Опубликовано
26 янв 2023
Краткий пересказ
1:04:37
My Little Pony Дружба — это чудо сезон 1 Серия 22-24 — Видео от Мультики |
Длительность 1 час 4 минуты 37 секунд
YouTube
Мультики | Мультфильмы
5,9M
Опубликовано
24 июл 2021
Краткий пересказ
22:00
My Little Pony. У страха глаза велики. (1 сезон, серия 9) 4K
Длительность 22 минуты
Rutube
My Little Pony 4K Мой маленький пони: Дружба - это чудо
8,6K
Опубликовано
9 окт 2024
42:34
Мультфильм Дружба - это чудо про Май Литл Пони. Сборник Серий. Королевство Искорки - 2 части! — Видео от VK Kids TV
Длительность 42 минуты 34 секунды
VK Видео
VK Kids TV
73,1K
Опубликовано
23 дек 2024
Краткий пересказ
1:48:13
My Little Pony: Дружба — это чудо ? Fluttershy | Сборники 1 ЧАС | MLP FIM по-русски
Длительность 1 час 48 минут 13 секунд
Rutube
Геймеры в Деле
125,8K
Опубликовано
30 окт 2023
Смотреть все видео
РКН: иностранный владелец ресурса youtube.com нарушает закон РФ
My Little Pony в кино (Мультфильм 2017) смотреть...
ivi.ru›Фэнтези›My Little Pony в кино
Мультфильм My Little Pony в кино (2017) можно посмотреть в онлайн-кинотеатре Иви!
СоздателиТрейлеры
My Little Pony в кино, 2017 — смотреть мультфильм...
kinopoisk.ru›film/928612/
Смотрите онлайн мультфильм My Little Pony в кино на Кинопоиске.
В главных роляхИзображенияАктеры дубляжаСаундтреки
My Little Pony в кино (2017) — анимационный, HD
yandex.ru›video/preview/9377239978406201562
В сказочной Эквестрии царит радость и веселье. И вдруг на нее нападает злобный Король Шторм. Он хо...
Не найдено: мультик, большой
MY LITTLE PONY НОВОЕ ПОКОЛЕНИЕ — Видео от...
vk.com›video-28099263_456243442
Длительность 1:31:29
1:31:29
Мой маленький пони: Зажги свою искорку (2022) 3 часть Зимний день желаний | Май литл пони, My Little Pony.
311 тыс. просмотров
Опубликовано
29 авг 2023
Не найдено: большой
My Little Pony в кино — Википедия
ru.wikipedia.org›My Little Pony в кино
«My Little Pony в кино» — американо-канадский музыкальный фэнтезийный приключенческий анимационный фильм 2017 года, основанный на телевизионном мультсериале «My Little Pony: Дружба — это чудо»...
РКН: иностранный владелец ресурса нарушает закон РФ
My Little Pony в кино (мультфильм, 2017) смотреть...
okko.tv›Мультфильмы
Смотрите онлайн мультфильм &quot;My Little Pony в кино&quot; (2017) в онлайн-кинотеатре Okko!
Плейлист Мой маленький пони: Дружба – это чудо – все...
rutube.ru›plst/561727/
Больше от RUTUBE.
Не найдено: мультик
My Little Pony в кино мультфильм 2017 смотреть онлайн...
kadikama.space›Зарубежные›My Little Pony в кино
Мультфильм, мюзикл, фэнтези. Режиссер: Джейсон Тиссен. В ролях: Тара Стронг, Эшли Болл, Андреа Либман и др. В волшебной стране Эквестрии жизнь кипит, а местные обитатели умеют радоваться жизни.
Мой маленький пони: Фильм (фильм 2017 года) - Википедия
...основанный на мультсериале &quot;Мой маленький пони: Дружба - это волшебство&quot;, который сам по себе является частью четвертого воплощения линейки игрушек и франшизы Hasbro &quot;Мой маленький пони&quot;.
Переведено с английского
My Little Pony: The Movie (2017 film) - Wikipedia
en.wikipedia.org›wiki/My_Little_Pony:_The_Movie_(2017_film)
Мой маленький пони: Дружба – это чудо мультсериал...
kadikama.com›Зарубежные›Мой маленький пони: Дружба – это чудо
Мультфильм, мюзикл, фэнтези. Режиссер: Джэйсон Тиссен, «Биг» Джим Миллер, Джеймс Вуттон. В ролях: Эшли Болл, Табита Сен-Жермен, Андреа Либман и др. Мультсериал, который завоевал уже целую армию самых маленьких поклонников.
Мультфильмы в VK Видео - смотрите онлайн в HD качестве
vk.com›мультфильмы…
Промо
VK Видео — удобный сервис для просмотра мультфильмов. Смотрите прямо сейчас! · VK Видео. Смотреть бесплатно. В высоком качестве. Мультфильмы для детей
Три котаСказочный патрульМи-ми-мишкиЛео и Тиг
Рисуем и раскрашиваем любимых героев в Рисовайке
plus.yandex.ru›Рисуем и раскрашиваем любимых героев в Рисовайке…
Промо
Откройте мир творчества и фантазии вашему ребенку. Попробуйте бесплатно!
Рисовайка — веселые раскраскиИнтерфейс, понятный детям
Мультики: новый раздел с детским контентом. Будь в теме…
dzen.ru›Мультики: новый раздел с детским контентом…
Промо
Смотрите без остановки: тысячи часов с любимыми героями и подборки по жанрам · 300 000 каналов. Рекомендации. Новое каждый день
ЛентаВидеоСтатьиТемы
Фигурки животных Schleich – в вашу коллекцию!
kidsmax.ru›Фигурки животных Schleich – в вашу коллекцию!
Промо
Сайт специализируется на продаже товаров
Высокое качество и реалистичность в каждой детали. Пополните коллекцию! Выгодно!
На улицеДетское питаниеИгрушки для малышей
Контактная информация
Телефон
+7 (4012) 64-XX-XX Показать
Время работы
ежедневно 9:00-18:00
Интерьерная фигурка «Пони» от zlatiks: стиль и уют
zlatiks.ru›Интерьерная-фигурка...
Промо
Сайт специализируется на продаже товаров
Купить на .zlatiks.ru
ПанноРелигияТехникаИкорницы
Дополнительная информация о запросе
Некоторые ссылки отсутствуют в результатах поиска в силу требований применимого законодательства. Подробнее
Некоторые ссылки отсутствуют в результатах поиска.
Причины удаления: 1.
Люди ищут
май литл пони большой мультфильм
как создать большой тотем дружбы в май литл пони
май литл пони полнометражные мультфильмы список
чем закончился май литл пони
май литл пони большой маки
большой тотем дружбы в игре май литл пони
пони люди мультики
Страницы результатов поиска
12345дальше
Электросталь
Google
Bing
Сообщить об ошибке
Настройки
ya.ru
О компании&lt;/html&gt;'
Actual value: text=&quot;Установите Яндекс Браузер
Войти
поиск
поиск
алисой
алиса
картинки
видео
карты
товары
финансы
квартиры
переводчик
все
Дополнительная информация о запросе
Исправлена опечатка в слове «мултик». Отменить
Мультфильмы в VK Видео - смотрите онлайн в HD качестве
vk.com›мультфильмы…
Промо
VK Видео — удобный сервис для просмотра мультфильмов. Смотрите прямо сейчас! · VK Видео. Смотреть бесплатно. В высоком качестве. Мультфильмы для детей
Три котаСказочный патрульМи-ми-мишкиЛео и Тиг
Более 1,5 млн товаров. Доставка. Скидки от объема
vseinstrumenti.ru›Пакет-подарочный-мал...
Промо
Сайт специализируется на продаже товаров
Более 1,5 млн товаров. Доставка. Самовывоз. Скидки от объема. Персональный менеджер · 365 дней на возврат. 15 000+ брендов. От 1 500 000 товаров. 1 200+ магазинов в РФ. Рассрочка
Для юрлиц и ИПСкидка для своихДля поставщиковОтсрочка платежа
Видео
Сборник Мультфильмов Май Литл Пони. Праздники — Видео от VK Kids TV
Длительность 1 час 3 минуты 52 секунды
VK Видео
VK Kids TV
174,6K
Опубликовано
22 окт 2024
Краткий пересказ
1:31:29
My Little Pony: Новое поколение (2021) Full HD — Видео от Мультфильмы | Семейное кино
Длительность 1 час 31 минутa 29 секунд
VK Видео
Мультфильмы | Семейное кино
158,3K
Опубликовано
26 янв 2023
Краткий пересказ
1:04:37
My Little Pony Дружба — это чудо сезон 1 Серия 22-24 — Видео от Мультики |
Длительность 1 час 4 минуты 37 секунд
YouTube
Мультики | Мультфильмы
5,9M
Опубликовано
24 июл 2021
Краткий пересказ
22:00
My Little Pony. У страха глаза велики. (1 сезон, серия 9) 4K
Длительность 22 минуты
Rutube
My Little Pony 4K Мой маленький пони: Дружба - это чудо
8,6K
Опубликовано
9 окт 2024
42:34
Мультфильм Дружба - это чудо про Май Литл Пони. Сборник Серий. Королевство Искорки - 2 части! — Видео от VK Kids TV
Длительность 42 минуты 34 секунды
VK Видео
VK Kids TV
73,1K
Опубликовано
23 дек 2024
Краткий пересказ
1:48:13
My Little Pony: Дружба — это чудо ? Fluttershy | Сборники 1 ЧАС | MLP FIM по-русски
Длительность 1 час 48 минут 13 секунд
Rutube
Геймеры в Деле
125,8K
Опубликовано
30 окт 2023
Смотреть все видео
РКН: иностранный владелец ресурса youtube.com нарушает закон РФ
My Little Pony в кино (Мультфильм 2017) смотреть...
ivi.ru›Фэнтези›My Little Pony в кино
Мультфильм My Little Pony в кино (2017) можно посмотреть в онлайн-кинотеатре Иви!
СоздателиТрейлеры
My Little Pony в кино, 2017 — смотреть мультфильм...
kinopoisk.ru›film/928612/
Смотрите онлайн мультфильм My Little Pony в кино на Кинопоиске.
В главных роляхИзображенияАктеры дубляжаСаундтреки
My Little Pony в кино (2017) — анимационный, HD
yandex.ru›video/preview/9377239978406201562
В сказочной Эквестрии царит радость и веселье. И вдруг на нее нападает злобный Король Шторм. Он хо...
Не найдено: мультик, большой
MY LITTLE PONY НОВОЕ ПОКОЛЕНИЕ — Видео от...
vk.com›video-28099263_456243442
Длительность 1:31:29
1:31:29
Мой маленький пони: Зажги свою искорку (2022) 3 часть Зимний день желаний | Май литл пони, My Little Pony.
311 тыс. просмотров
Опубликовано
29 авг 2023
Не найдено: большой
My Little Pony в кино — Википедия
ru.wikipedia.org›My Little Pony в кино
«My Little Pony в кино» — американо-канадский музыкальный фэнтезийный приключенческий анимационный фильм 2017 года, основанный на телевизионном мультсериале «My Little Pony: Дружба — это чудо»...
РКН: иностранный владелец ресурса нарушает закон РФ
My Little Pony в кино (мультфильм, 2017) смотреть...
okko.tv›Мультфильмы
Смотрите онлайн мультфильм &quot;My Little Pony в кино&quot; (2017) в онлайн-кинотеатре Okko!
Плейлист Мой маленький пони: Дружба – это чудо – все...
rutube.ru›plst/561727/
Больше от RUTUBE.
Не найдено: мультик
My Little Pony в кино мультфильм 2017 смотреть онлайн...
kadikama.space›Зарубежные›My Little Pony в кино
Мультфильм, мюзикл, фэнтези. Режиссер: Джейсон Тиссен. В ролях: Тара Стронг, Эшли Болл, Андреа Либман и др. В волшебной стране Эквестрии жизнь кипит, а местные обитатели умеют радоваться жизни.
Мой маленький пони: Фильм (фильм 2017 года) - Википедия
...основанный на мультсериале &quot;Мой маленький пони: Дружба - это волшебство&quot;, который сам по себе является частью четвертого воплощения линейки игрушек и франшизы Hasbro &quot;Мой маленький пони&quot;.
Переведено с английского
My Little Pony: The Movie (2017 film) - Wikipedia
en.wikipedia.org›wiki/My_Little_Pony:_The_Movie_(2017_film)
Мой маленький пони: Дружба – это чудо мультсериал...
kadikama.com›Зарубежные›Мой маленький пони: Дружба – это чудо
Мультфильм, мюзикл, фэнтези. Режиссер: Джэйсон Тиссен, «Биг» Джим Миллер, Джеймс Вуттон. В ролях: Эшли Болл, Табита Сен-Жермен, Андреа Либман и др. Мультсериал, который завоевал уже целую армию самых маленьких поклонников.
Мультфильмы в VK Видео - смотрите онлайн в HD качестве
vk.com›мультфильмы…
Промо
VK Видео — удобный сервис для просмотра мультфильмов. Смотрите прямо сейчас! · VK Видео. Смотреть бесплатно. В высоком качестве. Мультфильмы для детей
Три котаСказочный патрульМи-ми-мишкиЛео и Тиг
Рисуем и раскрашиваем любимых героев в Рисовайке
plus.yandex.ru›Рисуем и раскрашиваем любимых героев в Рисовайке…
Промо
Откройте мир творчества и фантазии вашему ребенку. Попробуйте бесплатно!
Рисовайка — веселые раскраскиИнтерфейс, понятный детям
Мультики: новый раздел с детским контентом. Будь в теме…
dzen.ru›Мультики: новый раздел с детским контентом…
Промо
Смотрите без остановки: тысячи часов с любимыми героями и подборки по жанрам · 300 000 каналов. Рекомендации. Новое каждый день
ЛентаВидеоСтатьиТемы
Фигурки животных Schleich – в вашу коллекцию!
kidsmax.ru›Фигурки животных Schleich – в вашу коллекцию!
Промо
Сайт специализируется на продаже товаров
Высокое качество и реалистичность в каждой детали. Пополните коллекцию! Выгодно!
На улицеДетское питаниеИгрушки для малышей
Контактная информация
Телефон
+7 (4012) 64-XX-XX Показать
Время работы
ежедневно 9:00-18:00
Интерьерная фигурка «Пони» от zlatiks: стиль и уют
zlatiks.ru›Интерьерная-фигурка...
Промо
Сайт специализируется на продаже товаров
Купить на .zlatiks.ru
ПанноРелигияТехникаИкорницы
Дополнительная информация о запросе
Некоторые ссылки отсутствуют в результатах поиска в силу требований применимого законодательства. Подробнее
Некоторые ссылки отсутствуют в результатах поиска.
Причины удаления: 1.
Люди ищут
май литл пони большой мультфильм
как создать большой тотем дружбы в май литл пони
май литл пони полнометражные мультфильмы список
чем закончился май литл пони
май литл пони большой маки
большой тотем дружбы в игре май литл пони
пони люди мультики
Страницы результатов поиска
12345дальше
Электросталь
Google
Bing
Сообщить об ошибке
Настройки
ya.ru
О компании&quot;
Screenshot: file:/Users/agzamovQA/IdeaProjects/getting-started-java/build/reports/tests/1749309888003.0.png
Page source: file:/Users/agzamovQA/IdeaProjects/getting-started-java/build/reports/tests/1749309888003.0.html
Timeout: 4 s.
	at app//com.codeborne.selenide.impl.WebElementSource.handleError(WebElementSource.java:149)
	at app//com.codeborne.selenide.impl.WebElementSource.checkConditionAndReturnElement(WebElementSource.java:127)
	at app//com.codeborne.selenide.impl.WebElementSource.checkCondition(WebElementSource.java:104)
	at app//com.codeborne.selenide.commands.Should.execute(Should.java:30)
	at app//com.codeborne.selenide.commands.Should.execute(Should.java:14)
	at app//com.codeborne.selenide.commands.Commands.execute(Commands.java:165)
	at app//com.codeborne.selenide.impl.SelenideElementProxy.dispatchAndRetry(SelenideElementProxy.java:132)
	at app//com.codeborne.selenide.impl.SelenideElementProxy.invoke(SelenideElementProxy.java:84)
	at app/jdk.proxy3/jdk.proxy3.$Proxy16.shouldHave(Unknown Source)
	at app//SearchTests.successYandexTest(SearchTests.java:19)
	at java.base@23.0.2/jdk.internal.reflect.DirectMethodHandleAccessor.invoke(DirectMethodHandleAccessor.java:103)
	at java.base@23.0.2/java.lang.reflect.Method.invoke(Method.java:580)
	at app//org.junit.platform.commons.util.ReflectionUtils.invokeMethod(ReflectionUtils.java:727)
	at app//org.junit.jupiter.engine.execution.MethodInvocation.proceed(MethodInvocation.java:60)
	at app//org.junit.jupiter.engine.execution.InvocationInterceptorChain$ValidatingInvocation.proceed(InvocationInterceptorChain.java:131)
	at app//org.junit.jupiter.engine.extension.TimeoutExtension.intercept(TimeoutExtension.java:156)
	at app//org.junit.jupiter.engine.extension.TimeoutExtension.interceptTestableMethod(TimeoutExtension.java:147)
	at app//org.junit.jupiter.engine.extension.TimeoutExtension.interceptTestMethod(TimeoutExtension.java:86)
	at app//org.junit.jupiter.engine.execution.InterceptingExecutableInvoker$ReflectiveInterceptorCall.lambda$ofVoidMethod$0(InterceptingExecutableInvoker.java:103)
	at app//org.junit.jupiter.engine.execution.InterceptingExecutableInvoker.lambda$invoke$0(InterceptingExecutableInvoker.java:93)
	at app//org.junit.jupiter.engine.execution.InvocationInterceptorChain$InterceptedInvocation.proceed(InvocationInterceptorChain.java:106)
	at app//org.junit.jupiter.engine.execution.InvocationInterceptorChain.proceed(InvocationInterceptorChain.java:64)
	at app//org.junit.jupiter.engine.execution.InvocationInterceptorChain.chainAndInvoke(InvocationInterceptorChain.java:45)
	at app//org.junit.jupiter.engine.execution.InvocationInterceptorChain.invoke(InvocationInterceptorChain.java:37)
	at app//org.junit.jupiter.engine.execution.InterceptingExecutableInvoker.invoke(InterceptingExecutableInvoker.java:92)
	at app//org.junit.jupiter.engine.execution.InterceptingExecutableInvoker.invoke(InterceptingExecutableInvoker.java:86)
	at app//org.junit.jupiter.engine.descriptor.TestMethodTestDescriptor.lambda$invokeTestMethod$7(TestMethodTestDescriptor.java:217)
	at app//org.junit.platform.engine.support.hierarchical.ThrowableCollector.execute(ThrowableCollector.java:73)
	at app//org.junit.jupiter.engine.descriptor.TestMethodTestDescriptor.invokeTestMethod(TestMethodTestDescriptor.java:213)
	at app//org.junit.jupiter.engine.descriptor.TestMethodTestDescriptor.execute(TestMethodTestDescriptor.java:138)
	at app//org.junit.jupiter.engine.descriptor.TestMethodTestDescriptor.execute(TestMethodTestDescriptor.java:68)
	at app//org.junit.platform.engine.support.hierarchical.NodeTestTask.lambda$executeRecursively$6(NodeTestTask.java:151)
	at app//org.junit.platform.engine.support.hierarchical.ThrowableCollector.execute(ThrowableCollector.java:73)
	at app//org.junit.platform.engine.support.hierarchical.NodeTestTask.lambda$executeRecursively$8(NodeTestTask.java:141)
	at app//org.junit.platform.engine.support.hierarchical.Node.around(Node.java:137)
	at app//org.junit.platform.engine.support.hierarchical.NodeTestTask.lambda$executeRecursively$9(NodeTestTask.java:139)
	at app//org.junit.platform.engine.support.hierarchical.ThrowableCollector.execute(ThrowableCollector.java:73)
	at app//org.junit.platform.engine.support.hierarchical.NodeTestTask.executeRecursively(NodeTestTask.java:138)
	at app//org.junit.platform.engine.support.hierarchical.NodeTestTask.execute(NodeTestTask.java:95)
	at java.base@23.0.2/java.util.ArrayList.forEach(ArrayList.java:1597)
	at app//org.junit.platform.engine.support.hierarchical.SameThreadHierarchicalTestExecutorService.invokeAll(SameThreadHierarchicalTestExecutorService.java:41)
	at app//org.junit.platform.engine.support.hierarchical.NodeTestTask.lambda$executeRecursively$6(NodeTestTask.java:155)
	at app//org.junit.platform.engine.support.hierarchical.ThrowableCollector.execute(ThrowableCollector.java:73)
	at app//org.junit.platform.engine.support.hierarchical.NodeTestTask.lambda$executeRecursively$8(NodeTestTask.java:141)
	at app//org.junit.platform.engine.support.hierarchical.Node.around(Node.java:137)
	at app//org.junit.platform.engine.support.hierarchical.NodeTestTask.lambda$executeRecursively$9(NodeTestTask.java:139)
	at app//org.junit.platform.engine.support.hierarchical.ThrowableCollector.execute(ThrowableCollector.java:73)
	at app//org.junit.platform.engine.support.hierarchical.NodeTestTask.executeRecursively(NodeTestTask.java:138)
	at app//org.junit.platform.engine.support.hierarchical.NodeTestTask.execute(NodeTestTask.java:95)
	at java.base@23.0.2/java.util.ArrayList.forEach(ArrayList.java:1597)
	at app//org.junit.platform.engine.support.hierarchical.SameThreadHierarchicalTestExecutorService.invokeAll(SameThreadHierarchicalTestExecutorService.java:41)
	at app//org.junit.platform.engine.support.hierarchical.NodeTestTask.lambda$executeRecursively$6(NodeTestTask.java:155)
	at app//org.junit.platform.engine.support.hierarchical.ThrowableCollector.execute(ThrowableCollector.java:73)
	at app//org.junit.platform.engine.support.hierarchical.NodeTestTask.lambda$executeRecursively$8(NodeTestTask.java:141)
	at app//org.junit.platform.engine.support.hierarchical.Node.around(Node.java:137)
	at app//org.junit.platform.engine.support.hierarchical.NodeTestTask.lambda$executeRecursively$9(NodeTestTask.java:139)
	at app//org.junit.platform.engine.support.hierarchical.ThrowableCollector.execute(ThrowableCollector.java:73)
	at app//org.junit.platform.engine.support.hierarchical.NodeTestTask.executeRecursively(NodeTestTask.java:138)
	at app//org.junit.platform.engine.support.hierarchical.NodeTestTask.execute(NodeTestTask.java:95)
	at app//org.junit.platform.engine.support.hierarchical.SameThreadHierarchicalTestExecutorService.submit(SameThreadHierarchicalTestExecutorService.java:35)
	at app//org.junit.platform.engine.support.hierarchical.HierarchicalTestExecutor.execute(HierarchicalTestExecutor.java:57)
	at app//org.junit.platform.engine.support.hierarchical.HierarchicalTestEngine.execute(HierarchicalTestEngine.java:54)
	at app//org.junit.platform.launcher.core.EngineExecutionOrchestrator.execute(EngineExecutionOrchestrator.java:107)
	at app//org.junit.platform.launcher.core.EngineExecutionOrchestrator.execute(EngineExecutionOrchestrator.java:88)
	at app//org.junit.platform.launcher.core.EngineExecutionOrchestrator.lambda$execute$0(EngineExecutionOrchestrator.java:54)
	at app//org.junit.platform.launcher.core.EngineExecutionOrchestrator.withInterceptedStreams(EngineExecutionOrchestrator.java:67)
	at app//org.junit.platform.launcher.core.EngineExecutionOrchestrator.execute(EngineExecutionOrchestrator.java:52)
	at app//org.junit.platform.launcher.core.DefaultLauncher.execute(DefaultLauncher.java:114)
	at app//org.junit.platform.launcher.core.DefaultLauncher.execute(DefaultLauncher.java:86)
	at app//org.junit.platform.launcher.core.DefaultLauncherSession$DelegatingLauncher.execute(DefaultLauncherSession.java:86)
	at org.gradle.api.internal.tasks.testing.junitplatform.JUnitPlatformTestClassProcessor$CollectAllTestClassesExecutor.processAllTestClasses(JUnitPlatformTestClassProcessor.java:124)
	at org.gradle.api.internal.tasks.testing.junitplatform.JUnitPlatformTestClassProcessor$CollectAllTestClassesExecutor.access$000(JUnitPlatformTestClassProcessor.java:99)
	at org.gradle.api.internal.tasks.testing.junitplatform.JUnitPlatformTestClassProcessor.stop(JUnitPlatformTestClassProcessor.java:94)
	at org.gradle.api.internal.tasks.testing.SuiteTestClassProcessor.stop(SuiteTestClassProcessor.java:63)
	at java.base@23.0.2/jdk.internal.reflect.DirectMethodHandleAccessor.invoke(DirectMethodHandleAccessor.java:103)
	at java.base@23.0.2/java.lang.reflect.Method.invoke(Method.java:580)
	at org.gradle.internal.dispatch.ReflectionDispatch.dispatch(ReflectionDispatch.java:36)
	at org.gradle.internal.dispatch.ReflectionDispatch.dispatch(ReflectionDispatch.java:24)
	at org.gradle.internal.dispatch.ContextClassLoaderDispatch.dispatch(ContextClassLoaderDispatch.java:33)
	at org.gradle.internal.dispatch.ProxyDispatchAdapter$DispatchingInvocationHandler.invoke(ProxyDispatchAdapter.java:92)
	at jdk.proxy1/jdk.proxy1.$Proxy4.stop(Unknown Source)
	at org.gradle.api.internal.tasks.testing.worker.TestWorker$3.run(TestWorker.java:200)
	at org.gradle.api.internal.tasks.testing.worker.TestWorker.executeAndMaintainThreadName(TestWorker.java:132)
	at org.gradle.api.internal.tasks.testing.worker.TestWorker.execute(TestWorker.java:103)
	at org.gradle.api.internal.tasks.testing.worker.TestWorker.execute(TestWorker.java:63)
	at org.gradle.process.internal.worker.child.ActionExecutionWorker.execute(ActionExecutionWorker.java:56)
	at org.gradle.process.internal.worker.child.SystemApplicationClassLoaderWorker.call(SystemApplicationClassLoaderWorker.java:121)
	at org.gradle.process.internal.worker.child.SystemApplicationClassLoaderWorker.call(SystemApplicationClassLoaderWorker.java:71)
	at app//worker.org.gradle.process.internal.worker.GradleWorkerMain.run(GradleWorkerMain.java:69)
	at app//worker.org.gradle.process.internal.worker.GradleWorkerMain.main(GradleWorkerMain.java:74)
</failure>
  </testcase>
  <system-out><![CDATA[]]></system-out>
  <system-err><![CDATA[SLF4J: No SLF4J providers were found.
SLF4J: Defaulting to no-operation (NOP) logger implementation
SLF4J: See https://www.slf4j.org/codes.html#noProviders for further details.
SLF4J: Class path contains SLF4J bindings targeting slf4j-api versions 1.7.x or earlier.
SLF4J: Ignoring binding found at [jar:file:/Users/agzamovQA/.gradle/caches/modules-2/files-2.1/org.slf4j/slf4j-simple/1.7.29/82ae07f95088577987a15d90171de12b00d81847/slf4j-simple-1.7.29.jar!/org/slf4j/impl/StaticLoggerBinder.class]
SLF4J: See https://www.slf4j.org/codes.html#ignoredBindings for an explanation.
июн. 07, 2025 6:24:43 PM org.openqa.selenium.devtools.CdpVersionFinder findNearestMatch
WARNING: Unable to find CDP implementation matching 137
июн. 07, 2025 6:24:43 PM org.openqa.selenium.chromium.ChromiumDriver lambda$new$5
WARNING: Unable to find version of CDP to use for 137.0.7151.68. You may need to include a dependency on a specific version of the CDP using something similar to `org.seleniumhq.selenium:selenium-devtools-v86:4.13.0` where the version ("v86") matches the version of the chromium-based browser you're using and the version number of the artifact is the same as Selenium's.
]]></system-err>
</testsuite>
